[    0.000000] Initializing cgroup subsys cpuset
[    0.000000] Initializing cgroup subsys cpu
[    0.000000] Initializing cgroup subsys cpuacct
[    0.000000] Linux version 4.4.0-128-generic (buildd@lcy01-amd64-019) (gcc version 5.4.0 20160609 (Ubuntu 5.4.0-6ubuntu1~16.04.9) ) #154-Ubuntu SMP Fri May 25 14:15:18 UTC 2018 (Ubuntu 4.4.0-128.154-generic 4.4.131)
[    0.000000] Command line: BOOT_IMAGE=/boot/vmlinuz-4.4.0-128-generic root=LABEL=cloudimg-rootfs ro console=tty1 console=ttyS0
[    0.000000] KERNEL supported cpus:
[    0.000000]   Intel GenuineIntel
[    0.000000]   AMD AuthenticAMD
[    0.000000]   Centaur CentaurHauls
[    0.000000] x86/fpu: xstate_offset[2]:  576, xstate_sizes[2]:  256
[    0.000000] x86/fpu: Supporting XSAVE feature 0x01: 'x87 floating point registers'
[    0.000000] x86/fpu: Supporting XSAVE feature 0x02: 'SSE registers'
[    0.000000] x86/fpu: Supporting XSAVE feature 0x04: 'AVX registers'
[    0.000000] x86/fpu: Enabled xstate features 0x7, context size is 832 bytes, using 'standard' format.
[    0.000000] x86/fpu: Using 'lazy' FPU context switches.
[    0.000000] e820: BIOS-provided physical RAM map:
[    0.000000] BIOS-e820: [mem 0x0000000000000000-0x000000000009fbff] usable
[    0.000000] BIOS-e820: [mem 0x000000000009fc00-0x000000000009ffff] reserved
[    0.000000] BIOS-e820: [mem 0x00000000000f0000-0x00000000000fffff] reserved
[    0.000000] BIOS-e820: [mem 0x0000000000100000-0x000000003ffeffff] usable
[    0.000000] BIOS-e820: [mem 0x000000003fff0000-0x000000003fffffff] ACPI data
[    0.000000] BIOS-e820: [mem 0x00000000fec00000-0x00000000fec00fff] reserved
[    0.000000] BIOS-e820: [mem 0x00000000fee00000-0x00000000fee00fff] reserved
[    0.000000] BIOS-e820: [mem 0x00000000fffc0000-0x00000000ffffffff] reserved
[    0.000000] NX (Execute Disable) protection: active
[    0.000000] SMBIOS 2.5 present.
[    0.000000] Hypervisor detected: KVM
[    0.000000] e820: last_pfn = 0x3fff0 max_arch_pfn = 0x400000000
[    0.000000] MTRR: Disabled
[    0.000000] x86/PAT: MTRRs disabled, skipping PAT initialization too.
[    0.000000] CPU MTRRs all blank - virtualized system.
[    0.000000] x86/PAT: Configuration [0-7]: WB  WT  UC- UC  WB  WT  UC- UC  
[    0.000000] found SMP MP-table at [mem 0x0009fff0-0x0009ffff] mapped at [ffff88000009fff0]
[    0.000000] Scanning 1 areas for low memory corruption
[    0.000000] RAMDISK: [mem 0x36aa2000-0x37548fff]
[    0.000000] ACPI: Early table checksum verification disabled
[    0.000000] ACPI: RSDP 0x00000000000E0000 000024 (v02 VBOX  )
[    0.000000] ACPI: XSDT 0x000000003FFF0030 00003C (v01 VBOX   VBOXXSDT 00000001 ASL  00000061)
[    0.000000] ACPI: FACP 0x000000003FFF00F0 0000F4 (v04 VBOX   VBOXFACP 00000001 ASL  00000061)
[    0.000000] ACPI: DSDT 0x000000003FFF0470 0021FF (v02 VBOX   VBOXBIOS 00000002 INTL 20100528)
[    0.000000] ACPI: FACS 0x000000003FFF0200 000040
[    0.000000] ACPI: FACS 0x000000003FFF0200 000040
[    0.000000] ACPI: APIC 0x000000003FFF0240 00005C (v02 VBOX   VBOXAPIC 00000001 ASL  00000061)
[    0.000000] ACPI: SSDT 0x000000003FFF02A0 0001CC (v01 VBOX   VBOXCPUT 00000002 INTL 20100528)
[    0.000000] No NUMA configuration found
[    0.000000] Faking a node at [mem 0x0000000000000000-0x000000003ffeffff]
[    0.000000] NODE_DATA(0) allocated [mem 0x3ffeb000-0x3ffeffff]
[    0.000000] kvm-clock: Using msrs 4b564d01 and 4b564d00
[    0.000000] kvm-clock: cpu 0, msr 0:3ffe3001, primary cpu clock
[    0.000000] kvm-clock: using sched offset of 3806653967 cycles
[    0.000000] clocksource: kvm-clock: mask: 0xffffffffffffffff max_cycles: 0x1cd42e4dffb, max_idle_ns: 881590591483 ns
[    0.000000] Zone ranges:
[    0.000000]   DMA      [mem 0x0000000000001000-0x0000000000ffffff]
[    0.000000]   DMA32    [mem 0x0000000001000000-0x000000003ffeffff]
[    0.000000]   Normal   empty
[    0.000000]   Device   empty
[    0.000000] Movable zone start for each node
[    0.000000] Early memory node ranges
[    0.000000]   node   0: [mem 0x0000000000001000-0x000000000009efff]
[    0.000000]   node   0: [mem 0x0000000000100000-0x000000003ffeffff]
[    0.000000] Initmem setup node 0 [mem 0x0000000000001000-0x000000003ffeffff]
[    0.000000] ACPI: PM-Timer IO Port: 0x4008
[    0.000000] IOAPIC[0]: apic_id 2, version 32, address 0xfec00000, GSI 0-23
[    0.000000] ACPI: INT_SRC_OVR (bus 0 bus_irq 0 global_irq 2 dfl dfl)
[    0.000000] ACPI: INT_SRC_OVR (bus 0 bus_irq 9 global_irq 9 high level)
[    0.000000] Using ACPI (MADT) for SMP configuration information
[    0.000000] smpboot: Allowing 2 CPUs, 0 hotplug CPUs
[    0.000000] PM: Registered nosave memory: [mem 0x00000000-0x00000fff]
[    0.000000] PM: Registered nosave memory: [mem 0x0009f000-0x0009ffff]
[    0.000000] PM: Registered nosave memory: [mem 0x000a0000-0x000effff]
[    0.000000] PM: Registered nosave memory: [mem 0x000f0000-0x000fffff]
[    0.000000] e820: [mem 0x40000000-0xfebfffff] available for PCI devices
[    0.000000] Booting paravirtualized kernel on KVM
[    0.000000] clocksource: refined-jiffies: mask: 0xffffffff max_cycles: 0xffffffff, max_idle_ns: 7645519600211568 ns
[    0.000000] setup_percpu: NR_CPUS:512 nr_cpumask_bits:512 nr_cpu_ids:2 nr_node_ids:1
[    0.000000] PERCPU: Embedded 34 pages/cpu @ffff88003fc00000 s99544 r8192 d31528 u1048576
[    0.000000] PV qspinlock hash table entries: 256 (order: 0, 4096 bytes)
[    0.000000] Built 1 zonelists in Node order, mobility grouping on.  Total pages: 257912
[    0.000000] Policy zone: DMA32
[    0.000000] Kernel command line: BOOT_IMAGE=/boot/vmlinuz-4.4.0-128-generic root=LABEL=cloudimg-rootfs ro console=tty1 console=ttyS0
[    0.000000] PID hash table entries: 4096 (order: 3, 32768 bytes)
[    0.000000] Memory: 1001612K/1048120K available (8541K kernel code, 1313K rwdata, 4000K rodata, 1512K init, 1316K bss, 46508K reserved, 0K cma-reserved)
[    0.000000] SLUB: HWalign=64, Order=0-3, MinObjects=0, CPUs=2, Nodes=1
[    0.000000] Kernel/User page tables isolation: enabled
[    0.000000] Hierarchical RCU implementation.
[    0.000000] 	Build-time adjustment of leaf fanout to 64.
[    0.000000] 	RCU restricting CPUs from NR_CPUS=512 to nr_cpu_ids=2.
[    0.000000] RCU: Adjusting geometry for rcu_fanout_leaf=64, nr_cpu_ids=2
[    0.000000] NR_IRQS:33024 nr_irqs:440 16
[    0.000000] Console: colour VGA+ 80x25
[    0.000000] console [tty1] enabled
[    0.000000] console [ttyS0] enabled
[    0.000000] tsc: Detected 2194.922 MHz processor
[    5.315249] Calibrating delay loop (skipped) preset value.. 4389.84 BogoMIPS (lpj=8779688)
[    5.447773] pid_max: default: 32768 minimum: 301
[    5.511701] ACPI: Core revision 20150930
[    5.555218] ACPI: 2 ACPI AML tables successfully acquired and loaded
[    5.681785] Security Framework initialized
[    5.746450] Yama: becoming mindful.
[    5.793683] AppArmor: AppArmor initialized
[    5.818025] Dentry cache hash table entries: 131072 (order: 8, 1048576 bytes)
[    5.833946] Inode-cache hash table entries: 65536 (order: 7, 524288 bytes)
[    5.898442] Mount-cache hash table entries: 2048 (order: 2, 16384 bytes)
[    5.899759] Mountpoint-cache hash table entries: 2048 (order: 2, 16384 bytes)
[    5.901251] Initializing cgroup subsys io
[    5.902120] Initializing cgroup subsys memory
[    5.903074] Initializing cgroup subsys devices
[    5.904015] Initializing cgroup subsys freezer
[    5.975837] Initializing cgroup subsys net_cls
[    6.014567] Initializing cgroup subsys perf_event
[    6.024328] Initializing cgroup subsys net_prio
[    6.034727] Initializing cgroup subsys hugetlb
[    6.107575] Initializing cgroup subsys pids
[    6.162882] CPU: Physical Processor ID: 0
[    6.171419] CPU: Processor Core ID: 0
[    6.173260] mce: CPU supports 0 MCE banks
[    6.196212] Last level iTLB entries: 4KB 64, 2MB 8, 4MB 8
[    6.233307] Last level dTLB entries: 4KB 64, 2MB 0, 4MB 0, 1GB 4
[    6.240092] Spectre V2 : Mitigation: Full generic retpoline
[    6.243928] Spectre V2 : Speculation control IBPB not-supported IBRS not-supported
[    6.256030] Speculative Store Bypass: Vulnerable
[    6.264421] Freeing SMP alternatives memory: 32K
[    6.306250] ftrace: allocating 32236 entries in 126 pages
[    6.419277] smpboot: APIC(0) Converting physical 0 to logical package 0
[    6.431181] smpboot: Max logical packages: 1
[    6.432421] x2apic enabled
[    6.461267] Switched APIC routing to physical x2apic.
[    6.529024] ..TIMER: vector=0x30 apic1=0 pin1=2 apic2=-1 pin2=-1
[    6.678969] smpboot: CPU0: Intel(R) Core(TM) i5-5200U CPU @ 2.20GHz (family: 0x6, model: 0x3d, stepping: 0x4)
[    6.834460] Performance Events: unsupported p6 CPU model 61 no PMU driver, software events only.
[    6.876590] KVM setup paravirtual spinlock
[    6.947680] x86: Booting SMP configuration:
[    6.977776] .... node  #0, CPUs:      #1
[    6.989787] kvm-clock: cpu 1, msr 0:3ffe3041, secondary cpu clock
[    7.006466] mce: CPU supports 0 MCE banks
[    7.024684] x86: Booted up 1 node, 2 CPUs
[    7.064299] smpboot: Total of 2 processors activated (8779.68 BogoMIPS)
[    7.125689] devtmpfs: initialized
[    7.142299] evm: security.selinux
[    7.194989] evm: security.SMACK64
[    7.246612] evm: security.SMACK64EXEC
[    7.292884] evm: security.SMACK64TRANSMUTE
[    7.336004] evm: security.SMACK64MMAP
[    7.337919] evm: security.ima
[    7.339402] evm: security.capability
[    7.343135] clocksource: jiffies: mask: 0xffffffff max_cycles: 0xffffffff, max_idle_ns: 7645041785100000 ns
[    7.348591] futex hash table entries: 512 (order: 3, 32768 bytes)
[    7.355500] pinctrl core: initialized pinctrl subsystem
[    7.371377] RTC time:  0:32:24, date: 06/21/18
[    7.374410] NET: Registered protocol family 16
[    7.397632] cpuidle: using governor ladder
[    7.432700] cpuidle: using governor menu
[    7.444927] PCCT header not found.
[    7.471697] ACPI: bus type PCI registered
[    7.526907] acpiphp: ACPI Hot Plug PCI Controller Driver version: 0.5
[    7.564495] PCI: Using configuration type 1 for base access
[    7.692639] ACPI: Added _OSI(Module Device)
[    7.711516] ACPI: Added _OSI(Processor Device)
[    7.746836] ACPI: Added _OSI(3.0 _SCP Extensions)
[    7.748236] ACPI: Added _OSI(Processor Aggregator Device)
[    7.830703] ACPI: Executed 1 blocks of module-level executable AML code
[    7.879717] ACPI: Interpreter enabled
[    7.927318] ACPI: (supports S0 S5)
[    7.977132] ACPI: Using IOAPIC for interrupt routing
[    8.004504] PCI: Using host bridge windows from ACPI; if necessary, use "pci=nocrs" and report a bug
[    8.155140] ACPI: PCI Root Bridge [PCI0] (domain 0000 [bus 00-ff])
[    8.275760] acpi PNP0A03:00: _OSC: OS supports [ASPM ClockPM Segments MSI]
[    8.414511] acpi PNP0A03:00: _OSC: not requesting OS control; OS requires [ExtendedConfig ASPM ClockPM MSI]
[    8.444609] acpi PNP0A03:00: fail to add MMCONFIG information, can't access extended PCI configuration space under this bridge.
[    8.467420] PCI host bridge to bus 0000:00
[    8.493833] pci_bus 0000:00: root bus resource [io  0x0000-0x0cf7 window]
[    8.513601] pci_bus 0000:00: root bus resource [io  0x0d00-0xffff window]
[    8.557530] pci_bus 0000:00: root bus resource [mem 0x000a0000-0x000bffff window]
[    8.637283] pci_bus 0000:00: root bus resource [mem 0x40000000-0xffdfffff window]
[    8.697085] pci_bus 0000:00: root bus resource [bus 00-ff]
[    8.748302] pci 0000:00:01.1: legacy IDE quirk: reg 0x10: [io  0x01f0-0x01f7]
[    8.875519] pci 0000:00:01.1: legacy IDE quirk: reg 0x14: [io  0x03f6]
[    8.925433] pci 0000:00:01.1: legacy IDE quirk: reg 0x18: [io  0x0170-0x0177]
[    9.012044] pci 0000:00:01.1: legacy IDE quirk: reg 0x1c: [io  0x0376]
[    9.049190] pci 0000:00:07.0: quirk: [io  0x4000-0x403f] claimed by PIIX4 ACPI
[    9.073386] pci 0000:00:07.0: quirk: [io  0x4100-0x410f] claimed by PIIX4 SMB
[    9.083402] ACPI: PCI Interrupt Link [LNKA] (IRQs 5 9 10 *11)
[    9.116827] ACPI: PCI Interrupt Link [LNKB] (IRQs 5 9 10 *11)
[    9.135294] ACPI: PCI Interrupt Link [LNKC] (IRQs 5 9 *10 11)
[    9.223935] ACPI: PCI Interrupt Link [LNKD] (IRQs 5 *9 10 11)
[    9.247527] ACPI: Enabled 2 GPEs in block 00 to 07
[    9.314194] vgaarb: setting as boot device: PCI:0000:00:02.0
[    9.421983] vgaarb: device added: PCI:0000:00:02.0,decodes=io+mem,owns=io+mem,locks=none
[    9.503444] vgaarb: loaded
[    9.522686] vgaarb: bridge control possible 0000:00:02.0
[    9.548861] SCSI subsystem initialized
[    9.559458] ACPI: bus type USB registered
[    9.564172] usbcore: registered new interface driver usbfs
[    9.632992] usbcore: registered new interface driver hub
[    9.694560] usbcore: registered new device driver usb
[    9.723927] PCI: Using ACPI for IRQ routing
[    9.785858] NetLabel: Initializing
[    9.856751] NetLabel:  domain hash size = 128
[    9.925147] NetLabel:  protocols = UNLABELED CIPSOv4
[    9.953171] NetLabel:  unlabeled traffic allowed by default
[   10.011131] amd_nb: Cannot enumerate AMD northbridges
[   10.013622] clocksource: Switched to clocksource kvm-clock
[   10.055849] AppArmor: AppArmor Filesystem Enabled
[   10.098301] pnp: PnP ACPI init
[   10.141866] pnp: PnP ACPI: found 3 devices
[   10.190668] clocksource: acpi_pm: mask: 0xffffff max_cycles: 0xffffff, max_idle_ns: 2085701024 ns
[   10.296887] NET: Registered protocol family 2
[   10.321731] TCP established hash table entries: 8192 (order: 4, 65536 bytes)
[   10.360982] TCP bind hash table entries: 8192 (order: 5, 131072 bytes)
[   10.369630] TCP: Hash tables configured (established 8192 bind 8192)
[   10.371477] UDP hash table entries: 512 (order: 2, 16384 bytes)
[   10.479503] UDP-Lite hash table entries: 512 (order: 2, 16384 bytes)
[   10.509567] NET: Registered protocol family 1
[   10.540711] pci 0000:00:00.0: Limiting direct PCI/PCI transfers
[   10.625271] pci 0000:00:01.0: Activating ISA DMA hang workarounds
[   10.654530] Unpacking initramfs...
[   12.919574] Freeing initrd memory: 10908K
[   12.945546] RAPL PMU detected, API unit is 2^-32 Joules, 4 fixed counters 10737418240 ms ovfl timer
[   12.971707] hw unit of domain pp0-core 2^-0 Joules
[   12.983178] hw unit of domain package 2^-0 Joules
[   12.994857] hw unit of domain dram 2^-0 Joules
[   13.010400] hw unit of domain pp1-gpu 2^-0 Joules
[   13.013773] platform rtc_cmos: registered platform RTC device (no PNP device found)
[   13.057769] Scanning for low memory corruption every 60 seconds
[   13.068922] audit: initializing netlink subsys (disabled)
[   13.097665] audit: type=2000 audit(1529541145.924:1): initialized
[   13.115981] Initialise system trusted keyring
[   13.130512] HugeTLB registered 2 MB page size, pre-allocated 0 pages
[   13.144900] zbud: loaded
[   13.149874] VFS: Disk quotas dquot_6.6.0
[   13.183195] VFS: Dquot-cache hash table entries: 512 (order 0, 4096 bytes)
[   13.214261] squashfs: version 4.0 (2009/01/31) Phillip Lougher
[   13.229781] fuse init (API version 7.23)
[   13.242238] Key type big_key registered
[   13.281648] Allocating IMA MOK and blacklist keyrings.
[   13.293519] Key type asymmetric registered
[   13.303962] Asymmetric key parser 'x509' registered
[   13.309977] Block layer SCSI generic (bsg) driver version 0.4 loaded (major 249)
[   13.313805] io scheduler noop registered
[   13.316442] io scheduler deadline registered (default)
[   13.329884] io scheduler cfq registered
[   13.340237] pci_hotplug: PCI Hot Plug PCI Core version: 0.5
[   13.365273] pciehp: PCI Express Hot Plug Controller Driver version: 0.4
[   13.367929] ACPI: AC Adapter [AC] (on-line)
[   13.371839] input: Power Button as /devices/LNXSYSTM:00/LNXPWRBN:00/input/input0
[   13.395580] ACPI: Power Button [PWRF]
[   13.401181] input: Sleep Button as /devices/LNXSYSTM:00/LNXSLPBN:00/input/input1
[   13.419118] ACPI: Sleep Button [SLPF]
[   13.431537] ACPI: Battery Slot [BAT0] (battery present)
[   13.437779] GHES: HEST is not enabled!
[   13.452910] Serial: 8250/16550 driver, 32 ports, IRQ sharing enabled
[   13.484275] 00:02: ttyS0 at I/O 0x3f8 (irq = 4, base_baud = 115200) is a 16550A
[   13.546827] Linux agpgart interface v0.103
[   13.600460] loop: module loaded
[   13.618179] scsi host0: ata_piix
[   13.662118] scsi host1: ata_piix
[   13.708891] ata1: PATA max UDMA/33 cmd 0x1f0 ctl 0x3f6 bmdma 0xd000 irq 14
[   13.764347] ata2: PATA max UDMA/33 cmd 0x170 ctl 0x376 bmdma 0xd008 irq 15
[   13.869890] libphy: Fixed MDIO Bus: probed
[   13.941651] tun: Universal TUN/TAP device driver, 1.6
[   13.987513] tun: (C) 1999-2004 Max Krasnyansky <maxk@qualcomm.com>
[   14.017396] tsc: Refined TSC clocksource calibration: 2194.616 MHz
[   14.029391] clocksource: tsc: mask: 0xffffffffffffffff max_cycles: 0x1fa254da388, max_idle_ns: 440795290843 ns
[   14.080223] PPP generic driver version 2.4.2
[   14.083478] ehci_hcd: USB 2.0 'Enhanced' Host Controller (EHCI) Driver
[   14.087334] ehci-pci: EHCI PCI platform driver
[   14.088313] ehci-platform: EHCI generic platform driver
[   14.091788] ohci_hcd: USB 1.1 'Open' Host Controller (OHCI) Driver
[   14.106597] ohci-pci: OHCI PCI platform driver
[   14.109215] ohci-platform: OHCI generic platform driver
[   14.137101] uhci_hcd: USB Universal Host Controller Interface driver
[   14.159988] i8042: PNP: PS/2 Controller [PNP0303:PS2K,PNP0f03:PS2M] at 0x60,0x64 irq 1,12
[   14.200991] serio: i8042 KBD port at 0x60,0x64 irq 1
[   14.217731] serio: i8042 AUX port at 0x60,0x64 irq 12
[   14.236255] mousedev: PS/2 mouse device common for all mice
[   14.249153] input: AT Translated Set 2 keyboard as /devices/platform/i8042/serio0/input/input2
[   14.275173] rtc_cmos rtc_cmos: rtc core: registered rtc_cmos as rtc0
[   14.329310] rtc_cmos rtc_cmos: alarms up to one day, 114 bytes nvram
[   14.487804] i2c /dev entries driver
[   14.511694] device-mapper: uevent: version 1.0.3
[   14.595323] device-mapper: ioctl: 4.34.0-ioctl (2015-10-28) initialised: dm-devel@redhat.com
[   14.733189] ledtrig-cpu: registered to indicate activity on CPUs
[   14.751899] NET: Registered protocol family 10
[   14.760347] NET: Registered protocol family 17
[   14.797895] Key type dns_resolver registered
[   14.809705] registered taskstats version 1
[   14.834002] Loading compiled-in X.509 certificates
[   14.885809] Loaded X.509 cert 'Build time autogenerated kernel key: fc7b57a7df019f2655f66a8a374d74ee8f4999fc'
[   14.896267] zswap: loaded using pool lzo/zbud
[   15.000952] Key type trusted registered
[   15.023609] Key type encrypted registered
[   15.077324] AppArmor: AppArmor sha1 policy hashing enabled
[   15.095372] ima: No TPM chip found, activating TPM-bypass!
[   15.131516] evm: HMAC attrs: 0x1
[   15.140243]   Magic number: 6:53:507
[   15.150130] rtc_cmos rtc_cmos: setting system clock to 2018-06-21 00:32:31 UTC (1529541151)
[   15.171315] BIOS EDD facility v0.16 2004-Jun-25, 0 devices found
[   15.211906] EDD information not available.
[   15.226900] Freeing unused kernel memory: 1512K
[   15.254161] Write protecting the kernel read-only data: 14336k
[   15.327632] Freeing unused kernel memory: 1688K
[   15.337338] Freeing unused kernel memory: 96K
Loading, please wait...
[   15.384226] random: systemd-udevd: uninitialized urandom read (16 bytes read, 7 bits of entropy available)
starting version[   15.385166] random: udevadm: uninitialized urandom read (16 bytes read, 7 bits of entropy available)
 229
[   15.385208] random: udevadm: uninitialized urandom read (16 bytes read, 7 bits of entropy available)
[   15.404836] random: udevadm: uninitialized urandom read (16 bytes read, 7 bits of entropy available)
[   15.404900] random: udevadm: uninitialized urandom read (16 bytes read, 7 bits of entropy available)
[   15.405108] random: udevadm: uninitialized urandom read (16 bytes read, 7 bits of entropy available)
[   15.405185] random: udevadm: uninitialized urandom read (16 bytes read, 7 bits of entropy available)
[   15.405260] random: udevadm: uninitialized urandom read (16 bytes read, 7 bits of entropy available)
[   15.405340] random: udevadm: uninitialized urandom read (16 bytes read, 7 bits of entropy available)
[   15.405455] random: udevadm: uninitialized urandom read (16 bytes read, 7 bits of entropy available)
[   15.897928] e1000: Intel(R) PRO/1000 Network Driver - version 7.3.21-k8-NAPI
[   15.931502] e1000: Copyright (c) 1999-2006 Intel Corporation.
[   15.941228] Fusion MPT base driver 3.04.20
[   15.951418] Copyright (c) 1999-2008 LSI Corporation
[   16.000900] AVX version of gcm_enc/dec engaged.
[   16.004469] AES CTR mode by8 optimization enabled
[   16.115786] Fusion MPT SPI Host driver 3.04.20
[   16.184248] input: ImExPS/2 Generic Explorer Mouse as /devices/platform/i8042/serio1/input/input4
[   16.623347] e1000 0000:00:03.0 eth0: (PCI:33MHz:32-bit) 02:b0:72:86:cc:22
[   16.653716] e1000 0000:00:03.0 eth0: Intel(R) PRO/1000 Network Connection
[   16.683715] e1000 0000:00:03.0 enp0s3: renamed from eth0
[   16.716935] mptbase: ioc0: Initiating bringup
[   16.798345] ioc0: LSI53C1030 A0: Capabilities={Initiator}
[   17.005336] scsi host2: ioc0: LSI53C1030 A0, FwRev=00000000h, Ports=1, MaxQ=256, IRQ=20
[   17.175695] scsi 2:0:0:0: Direct-Access     VBOX     HARDDISK         1.0  PQ: 0 ANSI: 5
[   17.229211] scsi target2:0:0: Beginning Domain Validation
[   17.255660] scsi target2:0:0: Domain Validation skipping write tests
[   17.322683] scsi target2:0:0: Ending Domain Validation
[   17.362267] scsi target2:0:0: asynchronous
[   17.434569] scsi 2:0:1:0: Direct-Access     VBOX     HARDDISK         1.0  PQ: 0 ANSI: 5
[   17.450797] scsi target2:0:1: Beginning Domain Validation
[   17.461242] scsi target2:0:1: Domain Validation skipping write tests
[   17.479929] scsi target2:0:1: Ending Domain Validation
[   17.485302] scsi target2:0:1: asynchronous
[   17.500032] sd 2:0:0:0: [sda] 20971520 512-byte logical blocks: (10.7 GB/10.0 GiB)
[   17.500440] sd 2:0:0:0: Attached scsi generic sg0 type 0
[   17.501318] sd 2:0:1:0: Attached scsi generic sg1 type 0
[   17.563215] sd 2:0:1:0: [sdb] 20480 512-byte logical blocks: (10.5 MB/10.0 MiB)
[   17.563602] sd 2:0:0:0: [sda] Write Protect is off
[   17.564309] sd 2:0:0:0: [sda] Incomplete mode parameter data
[   17.564311] sd 2:0:0:0: [sda] Assuming drive cache: write through
[   17.635820]  sda: sda1
[   17.636898] sd 2:0:0:0: [sda] Attached SCSI disk
[   17.662525] sd 2:0:1:0: [sdb] Write Protect is off
[   17.676097] sd 2:0:1:0: [sdb] Incomplete mode parameter data
[   17.686414] sd 2:0:1:0: [sdb] Assuming drive cache: write through
[   17.695060] sd 2:0:1:0: [sdb] Attached SCSI disk
Begin: Loading e[   19.233710] md: linear personality registered for level -1
ssential drivers[   19.292307] md: multipath personality registered for level -4
 ... [   19.304460] md: raid0 personality registered for level 0
[   19.362779] md: raid1 personality registered for level 1
[   19.462086] raid6: sse2x1   gen()  5913 MB/s
[   19.566477] raid6: sse2x1   xor()  4080 MB/s
[   19.654312] raid6: sse2x2   gen()  8129 MB/s
[   19.758180] raid6: sse2x2   xor()  4034 MB/s
[   19.830085] raid6: sse2x4   gen()  5666 MB/s
[   19.909647] raid6: sse2x4   xor()  4234 MB/s
[   19.912521] raid6: using algorithm sse2x2 gen() 8129 MB/s
[   19.922636] raid6: .... xor() 4034 MB/s, rmw enabled
[   19.939061] raid6: using ssse3x2 recovery algorithm
[   19.960419] xor: automatically using best checksumming function:
[   20.005998]    avx       : 15011.000 MB/sec
[   20.027523] async_tx: api initialized (async)
[   20.060321] md: raid6 personality registered for level 6
[   20.078035] md: raid5 personality registered for level 5
[   20.085281] md: raid4 personality registered for level 4
[   20.106631] md: raid10 personality registered for level 10
done.
Begin: Running /scripts/init-premount ... done.
Begin: Mounting root file system ... Begin: Running /scripts/local-top ... done.
Begin: Running /scripts/local-premount ... [   20.194530] Btrfs loaded
Scanning for Btrfs filesystems
done.
Warning: fsck no[   20.251722] EXT4-fs (sda1): mounted filesystem with ordered data mode. Opts: (null)
t present, so skipping root file system
done.
Begin: Running /scripts/local-bottom ... done.
Begin: Running /scripts/init-bottom ... done.
[   20.468066] systemd[1]: systemd 229 running in system mode. (+PAM +AUDIT +SELINUX +IMA +APPARMOR +SMACK +SYSVINIT +UTMP +LIBCRYPTSETUP +GCRYPT +GNUTLS +ACL +XZ -LZ4 +SECCOMP +BLKID +ELFUTILS +KMOD -IDN)
[   20.576504] systemd[1]: Detected virtualization oracle.
[   20.588698] systemd[1]: Detected architecture x86-64.

Welcome to [1mUbuntu 16.04.4 LTS[0m!

[   20.642695] systemd[1]: Set hostname to <ubuntu-xenial>.
[   20.960992] systemd[1]: Listening on udev Kernel Socket.
[[0;32m  OK  [0m] Listening on udev Kernel Socket.
[   20.982651] systemd[1]: Created slice System Slice.
[[0;32m  OK  [0m] Created slice System Slice.
[   21.032425] systemd[1]: Listening on Syslog Socket.
[[0;32m  OK  [0m] Listening on Syslog Socket.
[   21.098653] systemd[1]: Listening on Journal Audit Socket.
[[0;32m  OK  [0m] Listening on Journal Audit Socket.
[   21.145903] systemd[1]: Reached target Swap.
[[0;32m  OK  [0m] Reached target Swap.
[   21.231364] systemd[1]: Created slice User and Session Slice.
[[0;32m  OK  [0m] Created slice User and Session Slice.
[   21.358255] systemd[1]: Reached target Slices.
[[0;32m  OK  [0m] Reached target Slices.
[   21.430041] systemd[1]: Listening on Journal Socket.
[[0;32m  OK  [0m] Listening on Journal Socket.
[   21.534110] systemd[1]: Mounting POSIX Message Queue File System...
[   21.607240] random: nonblocking pool is initialized
         Mounting POSIX Message Queue File System...
[   21.726787] systemd[1]: Listening on /dev/initctl Compatibility Named Pipe.
[[0;32m  OK  [0m] Listening on /dev/initctl Compatibility Named Pipe.
[   21.898806] systemd[1]: Starting Uncomplicated firewall...
         Starting Uncomplicated firewall...
[   21.954008] systemd[1]: Mounting Huge Pages File System...
         Mounting Huge Pages File System...
[   22.013743] systemd[1]: Started Trigger resolvconf update for networkd DNS.
[[0;32m  OK  [0m] Started Trigger resolvconf update for networkd DNS.
[   22.082189] systemd[1]: Listening on udev Control Socket.
[[0;32m  OK  [0m] Listening on udev Control Socket.
[   22.160808] systemd[1]: Listening on LVM2 metadata daemon socket.
[[0;32m  OK  [0m] Listening on LVM2 metadata daemon socket.
[   22.210660] systemd[1]: Created slice system-serial\x2dgetty.slice.
[[0;32m  OK  [0m] Created slice system-serial\x2dgetty.slice.
[   22.246080] systemd[1]: Mounting Debug File System...
         Mounting Debug File System...
[   22.305945] systemd[1]: Starting Set console keymap...
         Starting Set console keymap...
[   22.354721] systemd[1]: Set up automount Arbitrary Executable File Formats File System Automount Point.
[[0;32m  OK  [0m] Set up automount Arbitrary Executab...ats File System Automount Point.
[   22.462243] systemd[1]: Starting Create list of required static device nodes for the current kernel...
         Starting Create list of required st... nodes for the current kernel...
[   22.552182] systemd[1]: Listening on LVM2 poll daemon socket.
[[0;32m  OK  [0m] Listening on LVM2 poll daemon socket.
[   22.574289] systemd[1]: Starting Load Kernel Modules...
         Starting Load Ke[   22.618493] Loading iSCSI transport class v2.0-870.
rnel Modules...
[   22.644242] systemd[1]: Listening on Device-mapper event daemon FIFOs.
[[0;32m  OK  [0[   22.687860] iscsi: registered transport (tcp)
m] Listening on Device-mapper event daemon FIFOs.
[   22.797174] iscsi: registered transport (iser)
[   22.849972] systemd[1]: Starting Nameserver information manager...
         Starting Nameserver information manager...
[   22.976216] systemd[1]: Started Forward Password Requests to Wall Directory Watch.
[[0;32m  OK  [0m] Started Forward Password Requests to Wall Directory Watch.
[   23.162798] systemd[1]: Reached target User and Group Name Lookups.
[[0;32m  OK  [0m] Reached target User and Group Name Lookups.
[   23.250587] systemd[1]: Reached target System Time Synchronized.
[[0;32m  OK  [0m] Reached target System Time Synchronized.
[   23.379244] systemd[1]: Listening on Journal Socket (/dev/log).
[[0;32m  OK  [0m] Listening on Journal Socket (/dev/log).
[   23.618728] systemd[1]: Starting Journal Service...
         Starting Journal Service...
[   23.706633] systemd[1]: Reached target Encrypted Volumes.
[[0;32m  OK  [0m] Reached target Encrypted Volumes.
[   23.842611] systemd[1]: Starting Monitoring of LVM2 mirrors, snapshots etc. using dmeventd or progress polling...
         Starting Monitoring of LVM2 mirrors... dmeventd or progress polling...
[   24.062455] systemd[1]: Starting Remount Root and Kernel File Systems...
         [   24.147295] EXT4-fs (sda1): re-mounted. Opts: (null)
Starting Remount Root and Kernel File Systems...
[   24.299596] systemd[1]: Mounted Debug File System.
[[0;32m  OK  [0m] Mounted Debug File System.
[   24.354133] systemd[1]: Mounted POSIX Message Queue File System.
[[0;32m  OK  [0m] Mounted POSIX Message Queue File System.
[   24.402359] systemd[1]: Mounted Huge Pages File System.
[[0;32m  OK  [0m] Mounted Huge Pages File System.
[   24.446162] systemd[1]: Started Journal Service.
[[0;32m  OK  [0m] Started Journal Service.
[[0;32m  OK  [0m] Started Uncomplicated firewall.
[[0;32m  OK  [0m] Started Set console keymap.
[[0;32m  OK  [0m] Started Create list of required sta...ce nodes for the current kernel.
[[0;32m  OK  [0m] Started Load Kernel Modules.
[[0;32m  OK  [0m] Started Remount Root and Kernel File Systems.
[[0;32m  OK  [0m] Started Nameserver information manager.
[[0;32m  OK  [0m] Started LVM2 metadata daemon.
         Starting Load/Save Random Seed...
         Starting udev Coldplug all Devices...
         Mounting FUSE Control File System...
         Starting Apply Kernel Variables...
         Starting Create Static Device Nodes in /dev...
         Starting Flush Journal to Persistent Storage...
[[0;32m  OK  [0m] Mounted FUSE Control File System.
[[0;32m  OK  [0m] Started Load/Save Random Seed.
[[0;32m  OK  [0m] Started Apply Kernel Variables.
[[0;32m  OK  [0m] Started Create Static Device Nodes in /dev.
[[0;32m  OK  [0m] Started Monitoring of LVM2 mirrors,...ng dmeventd or progress polling.
[[0;32m  OK  [0m] Started udev Coldplug all Devices.
[[0;32m  OK  [0m] Started Flush Journal to Persistent Storage.
         Starting udev Kernel Device Manager...
[[0;32m  OK  [0m] Started udev Kernel Device Manager.
[[0;32m  OK  [0m] Reached target Local File Systems (Pre).
[[0;32m  OK  [0m] Reached target Local File Systems.
         Starting Initial cloud-init job (pre-networking)...
         Starting Tell Plymouth To Write Out Runtime Data...
         Starting Create Volatile Files and Directories...
         Starting Set console font and keymap...
         Starting LSB: AppArmor initialization...
[[0;32m  OK  [0m] Started Dispatch Password Requests to Console Directory Watch.
[[0;32m  OK  [0m] Started Tell Plymouth To Write Out Runtime Data.
[[0;32m  OK  [0m] Started Create Volatile Files and Directories.
[[0;32m  OK  [0m] Found device /dev/ttyS0.
         Starting Update UTMP about System Boot/Shutdown...
[[0;32m  OK  [0m] Started Update UTMP about System Boot/Shutdown.
[[0;32m  OK  [0m] Started LSB: AppArmor initialization.
[[0;32m  OK  [0m] Listening on Load/Save RF Kill Switch Status /dev/rfkill Watch.
[[0;32m  OK  [0m] Found device 82540EM Gigabit Ethern...r (PRO/1000 MT Desktop Adapter).
[[0;32m  OK  [0m] Started Set console font and keymap.
[[0;32m  OK  [0m] Created slice system-getty.slice.
[   18.755097] cloud-init[478]: Cloud-init v. 18.2 running 'init-local' at Thu, 21 Jun 2018 00:32:43 +0000. Up 18.14 seconds.
[[0;32m  OK  [0m] Started Initial cloud-init job (pre-networking).
[[0;32m  OK  [0m] Reached target Network (Pre).
         Starting Raise network interfaces...
[[0;32m  OK  [0m] Started ifup for enp0s3.
[[0;32m  OK  [0m] Started Raise network interfaces.
[[0;32m  OK  [0m] Reached target Network.
         Starting Initial cloud-init job (metadata service crawler)...
[   20.287218] cloud-init[992]: Cloud-init v. 18.2 running 'init' at Thu, 21 Jun 2018 00:32:45 +0000. Up 19.79 seconds.
[[0;32m  OK  [0m] Started Initial cloud-init job (metadata service crawler).
[   20.408610] cloud-init[992]: ci-info: +++++++++++++++++++++++++++++++++++++Net device info++++++++++++++++++++++++++++++++++++++
[   20.609297] cloud-init[992]: ci-info: +--------+------+----------------------------+---------------+-------+-------------------+
[   20.732584] cloud-init[992]: ci-info: | Device |  Up  |          Address           |      Mask     | Scope |     Hw-Address    |
[   20.864623] cloud-init[992]: ci-info: +--------+------+----------------------------+---------------+-------+-------------------+
[   20.969022] cloud-init[992]: ci-info: | enp0s3 | True |         10.0.2.15          | 255.255.255.0 |   .   | 02:b0:72:86:cc:22 |
[   21.067450] cloud-init[992]: ci-info: | enp0s3 | True | fe80::b0:72ff:fe86:cc22/64 |       .       |  link | 02:b0:72:86:cc:22 |
[   21.176934] cloud-init[992]: ci-info: |   lo   | True |         127.0.0.1          |   255.0.0.0   |   .   |         .         |
[   21.300868] cloud-init[992]: ci-info: |   lo   | True |          ::1/128           |       .       |  host |         .         |
[   21.428938] cloud-init[992]: ci-info: +--------+------+----------------------------+---------------+-------+-------------------+
[[0;32m  OK  [0m] Reached target Cloud-config availability.
[[0;32m  OK  [0m] Reached target System Initialization.
[   21.554916] cloud-init[992]: ci-info: +++++++++++++++++++++++++++Route IPv4 info++++++++++++++++++++++++++++
[   21.778479] cloud-init[992]: ci-info: +-------+-------------+----------+---------------+-----------+-------+
[   21.864872] cloud-init[992]: ci-info: | Route | Destination | Gateway  |    Genmask    | Interface | Flags |
[   21.963024] cloud-init[992]: ci-info: +-------+-------------+----------+---------------+-----------+-------+
[[0;32m  OK  [0m] Started Daily Cleanup of Temporary Directories.
[   22.042187] cloud-init[992]: ci-info: |   0   |   0.0.0.0   | 10.0.2.2 |    0.0.0.0    |   enp0s3  |   UG  |
[   22.136794] cloud-init[992]: ci-info: |   1   |   10.0.2.0  | 0.0.0.0  | 255.255.255.0 |   enp0s3  |   U   |
[   22.151167] cloud-init[992]: ci-info: +-------+-------------+----------+---------------+-----------+-------+
         Starting LXD - unix socket.
         Starting Socket activation for snappy daemon.
[[0;32m  OK  [0m] Listening on ACPID Listen Socket.
[[0;32m  OK  [0m] Listening on UUID daemon activation socket.
[[0;32m  OK  [0m] Listening on D-Bus System Message Bus Socket.
[[0;32m  OK  [0m] Started ACPI Events Check.
[[0;32m  OK  [0m] Reached target Paths.
[[0;32m  OK  [0m] Started Daily apt download activities.
[[0;32m  OK  [0m] Started Daily apt upgrade and clean activities.
[[0;32m  OK  [0m] Reached target Timers.
[[0;32m  OK  [0m] Reached target Network is Online.
         Starting iSCSI initiator daemon (iscsid)...
[[0;32m  OK  [0m] Listening on LXD - unix socket.
[[0;32m  OK  [0m] Listening on Socket activation for snappy daemon.
[[0;32m  OK  [0m] Started iSCSI initiator daemon (iscsid).
         Starting Login to default iSCSI targets...
[[0;32m  OK  [0m] Reached target Sockets.
[[0;32m  OK  [0m] Reached target Basic System.
         Starting LSB: Record successful boot for GRUB...
[[0;32m  OK  [0m] Started D-Bus System Message Bus.
         Starting Snappy daemon...
         Starting Virtualbox guest utils...
[[0;32m  OK  [0m] Started FUSE filesystem for LXC.
         Starting Login Service...
[[0;32m  OK  [0m] Started Unattended Upgrades Shutdown.
         Starting Apply the settings specified in cloud-config...
[[0;32m  OK  [0m] Started Deferred execution scheduler.
         Starting OpenBSD Secure Shell server...
[[0;32m  OK  [0m] Started ACPI event daemon.
[[0;32m  OK  [0m] Started Regular background program processing daemon.
         Starting /etc/rc.local Compatibility...
         Starting LSB: MD monitoring daemon...
         Starting Accounts Service...
         Starting System Logging Service...
         Starting LXD - container startup/shutdown...
[[0;32m  OK  [0m] Started Snappy daemon.
[[0;32m  OK  [0m] Started OpenBSD Secure Shell server.
[[0;32m  OK  [0m] Started System Logging Service.
[[0;32m  OK  [0m] Started /etc/rc.local Compatibility.
[[0;32m  OK  [0m] Started LXD - container startup/shutdown.
[   24.230200] cloud-init[1081]: Cloud-init v. 18.2 running 'modules:config' at Thu, 21 Jun 2018 00:32:49 +0000. Up 23.89 seconds.
[[0;32m  OK  [0m] Started Login to default iSCSI targets.
[[0;32m  OK  [0m] Started Apply the settings specified in cloud-config.
[[0;32m  OK  [0m] Started LSB: Record successful boot for GRUB.
[[0;32m  OK  [0m] Started Virtualbox guest utils.
[[0;32m  OK  [0m] Started LSB: MD monitoring daemon.
[[0;32m  OK  [0m] Started Login Service.
         Starting Authenticate and Authorize Users to Run Privileged Tasks...
[[0;32m  OK  [0m] Reached target Remote File Systems (Pre).
[[0;32m  OK  [0m] Reached target Remote File Systems.
         Starting LSB: Set the CPU Frequency Scaling governor to "ondemand"...
         Starting LSB: automatic crash report generation...
         Starting LSB: daemon to balance interrupts for SMP systems...
         Starting Permit User Sessions...
         Starting Wait until snapd is fully seeded...
[[0;32m  OK  [0m] Started Permit User Sessions.
[[0;32m  OK  [0m] Started Wait until snapd is fully seeded.
[[0;32m  OK  [0m] Started Authenticate and Authorize Users to Run Privileged Tasks.
[[0;32m  OK  [0m] Started Accounts Service.
[[0;32m  OK  [0m] Started LSB: Set the CPU Frequency Scaling governor to "ondemand".
[[0;32m  OK  [0m] Started LSB: automatic crash report generation.
         Starting Terminate Plymouth Boot Screen...
         Starting Hold until boot process finishes up...
[[0;32m  OK  [0m] Started LSB: daemon to balance interrupts for SMP systems.
[[0;32m  OK  [0m] Started Terminate Plymouth Boot Screen.
[[0;32m  OK  [0m] Started Hold until boot process finishes up.
[[0;32m  OK  [0m] Started Serial Getty on ttyS0.
[[0;32m  OK  [0m] Started Getty on tty1.
[[0;32m  OK  [0m] Reached target Login Prompts.
         Starting Set console scheme...
[[0;32m  OK  [0m] Reached target Multi-User System.
         Starting Execute cloud user/final scripts...
[[0;32m  OK  [0m] Reached target Graphical Interface.
         Starting Update UTMP about System Runlevel Changes...
[[0;32m  OK  [0m] Started Set console scheme.
[[0;32m  OK  [0m] Started Update UTMP about System Runlevel Changes.
[   26.578162] cloud-init[1232]: Cloud-init v. 18.2 running 'modules:final' at Thu, 21 Jun 2018 00:32:52 +0000. Up 26.33 seconds.
[   26.614999] cloud-init[1232]: Cloud-init v. 18.2 finished at Thu, 21 Jun 2018 00:32:52 +0000. Datasource DataSourceNoCloud [seed=/dev/sdb][dsmode=net].  Up 26.56 seconds
[[0;32m  OK  [0m] Started Execute cloud user/final scripts.
[[0;32m  OK  [0m] Reached target Cloud-init target.

Ubuntu 16.04.4 LTS ubuntu-xenial ttyS0

ubuntu-xenial login: 